error: Not found {"status":404}
error: Not found {"status":404}
{"level":"error","status":404}
{"level":"error","status":400}
{"level":"error","status":400}
{"level":"error","status":400}
{"level":"error","status":400}
{"level":"error","status":400}
{"level":"error","status":400}
{"level":"error","status":400}
{"level":"error","message":400}
{"level":"error","message":400}
{"level":"error","message":"Email already exists","status":400}
{"level":"error","message":"Email already exists","status":400}
{"level":"error","message":"Email already exists","status":400}
{"level":"error","message":"Please Verifiy your account first","status":400}
{"level":"error","message":"Invalid Credentials","status":400}
{"level":"error","message":"Please Verifiy your account first","status":400}
{"level":"error","message":"Please Verifiy your account first","status":400}
{"level":"error","message":"Please Verifiy your account first","status":400}
{"level":"error","message":"Please Verifiy your account first","status":400}
{"level":"error","message":"Internal server error","status":500}
{"level":"error","message":"Internal server error","status":500}
{"level":"error","message":"Illegal arguments: string, undefined"}
{"level":"error","message":"jwt is not defined"}
{"level":"error","message":{"location":"body","msg":"Email field is missing","path":"email","type":"field"},"status":400}
{"level":"error","message":"Email field is missing","status":400}
{"level":"error","message":"Invalid Email","status":400}
{"level":"error","message":"Email already exists","status":400}
{"level":"error","message":"Email already exists","status":400}
{"level":"error","message":"Email field is missing","status":400}
{"level":"error","message":"Email field is missing","status":400}
{"level":"error","message":"Email field is missing","status":400}
{"level":"error","message":"Email field is missing","status":400}
{"level":"error","message":"Invalid Email","status":400}
{"level":"error","message":"Email field is missing","status":400}
{"level":"error","message":"Expected double-quoted property name in JSON at position 39 (line 4 column 1)","status":400}
{"level":"error","message":"Password field is missing","status":400}
